[INFO ] 2018-08-20 16:27:26 [restartedMain] c.w.redflower.RedflowerApplication - Starting RedflowerApplication on DESKTOP-1J911PB with PID 5384 (E:\gitwork\redflower\target\classes started by Machenike in E:\gitwork\redflower)
[DEBUG] 2018-08-20 16:27:26 [restartedMain] c.w.redflower.RedflowerApplication - Running with Spring Boot v2.0.4.RELEASE, Spring v5.0.8.RELEASE
[INFO ] 2018-08-20 16:27:26 [restartedMain] c.w.redflower.RedflowerApplication - No active profile set, falling back to default profiles: default
[INFO ] 2018-08-20 16:27:26 [restartedMain] o.s.b.w.s.c.AnnotationConfigServletWebServerApplicationContext - Refreshing org.springframework.boot.web.servlet.context.AnnotationConfigServletWebServerApplicationContext@3d5cf7fc: startup date [Mon Aug 20 16:27:26 CST 2018]; root of context hierarchy
[INFO ] 2018-08-20 16:27:28 [restartedMain] o.s.c.s.PostProcessorRegistrationDelegate$BeanPostProcessorChecker - Bean 'org.springframework.transaction.annotation.ProxyTransactionManagementConfiguration' of type [org.springframework.transaction.annotation.ProxyTransactionManagementConfiguration$$EnhancerBySpringCGLIB$$9477bb8] is not eligible for getting processed by all BeanPostProcessors (for example: not eligible for auto-proxying)
[INFO ] 2018-08-20 16:27:29 [restartedMain] o.s.b.w.e.tomcat.TomcatWebServer - Tomcat initialized with port(s): 8080 (http)
[INFO ] 2018-08-20 16:27:29 [restartedMain] o.a.catalina.core.StandardService - Starting service [Tomcat]
[INFO ] 2018-08-20 16:27:29 [restartedMain] o.a.catalina.core.StandardEngine - Starting Servlet Engine: Apache Tomcat/8.5.32
[INFO ] 2018-08-20 16:27:29 [localhost-startStop-1] o.a.c.core.AprLifecycleListener - The APR based Apache Tomcat Native library which allows optimal performance in production environments was not found on the java.library.path: [D:\jdk\bin;C:\WINDOWS\Sun\Java\bin;C:\WINDOWS\system32;C:\WINDOWS;C:\ProgramData\Oracle\Java\javapath;C:;D:\jdk\bin;D:\jdk\jre\bin;\ProgramData\Oracle\Java\javapath;D:\jdk/bin;C:\Windows\system32;C:\Windows;C:\Windows\System32\Wbem;C:\Windows\System32\WindowsPowerShell\v1.0\;C:\Program Files\Intel\WiFi\bin\;C:\Program Files\Common Files\Intel\WirelessCommon\;C:\Program Files (x86)\NVIDIA Corporation\PhysX\Common;C:\WINDOWS\system32;C:\WINDOWS;C:\WINDOWS\System32\Wbem;C:\WINDOWS\System32\WindowsPowerShell\v1.0\;D:\python;D:\python\Scripts;E:\learnjava\apache-maven-3.5.2\bin;C:\Program Files\MySQL\MySQL Utilities 1.6\;D:\c++程序设计\Tools\WinNT;D:\python:;D:\c++程序设计\Tools;D:\VC98\bin;C:\Program Files\Intel\WiFi\bin\;C:\Program Files\Common Files\Intel\WirelessCommon\;C:\Users\Machenike\AppData\Local\Microsoft\WindowsApps;D:\Fiddler2\Fiddler;.]
[INFO ] 2018-08-20 16:27:29 [localhost-startStop-1] o.a.c.c.C.[Tomcat].[localhost].[/] - Initializing Spring embedded WebApplicationContext
[INFO ] 2018-08-20 16:27:29 [localhost-startStop-1] o.s.b.w.s.ServletRegistrationBean - Servlet dispatcherServlet mapped to [/]
[INFO ] 2018-08-20 16:27:29 [localhost-startStop-1] o.s.b.w.s.FilterRegistrationBean - Mapping filter: 'characterEncodingFilter' to: [/*]
[INFO ] 2018-08-20 16:27:29 [localhost-startStop-1] o.s.b.w.s.FilterRegistrationBean - Mapping filter: 'hiddenHttpMethodFilter' to: [/*]
[INFO ] 2018-08-20 16:27:29 [localhost-startStop-1] o.s.b.w.s.FilterRegistrationBean - Mapping filter: 'httpPutFormContentFilter' to: [/*]
[INFO ] 2018-08-20 16:27:29 [localhost-startStop-1] o.s.b.w.s.FilterRegistrationBean - Mapping filter: 'requestContextFilter' to: [/*]
[INFO ] 2018-08-20 16:27:29 [restartedMain] c.alibaba.druid.pool.DruidDataSource - {dataSource-1} inited
[INFO ] 2018-08-20 16:27:30 [restartedMain] o.s.o.j.LocalContainerEntityManagerFactoryBean - Building JPA container EntityManagerFactory for persistence unit 'default'
[INFO ] 2018-08-20 16:27:30 [restartedMain] o.h.jpa.internal.util.LogHelper - HHH000204: Processing PersistenceUnitInfo [
	name: default
	...]
[INFO ] 2018-08-20 16:27:30 [restartedMain] org.hibernate.Version - HHH000412: Hibernate Core {5.2.17.Final}
[INFO ] 2018-08-20 16:27:30 [restartedMain] org.hibernate.cfg.Environment - HHH000206: hibernate.properties not found
[INFO ] 2018-08-20 16:27:30 [restartedMain] o.h.annotations.common.Version - HCANN000001: Hibernate Commons Annotations {5.0.1.Final}
[INFO ] 2018-08-20 16:27:30 [restartedMain] org.hibernate.dialect.Dialect - HHH000400: Using dialect: org.hibernate.dialect.MySQL5Dialect
[INFO ] 2018-08-20 16:27:31 [restartedMain] o.h.t.s.internal.SchemaCreatorImpl - HHH000476: Executing import script 'org.hibernate.tool.schema.internal.exec.ScriptSourceInputNonExistentImpl@fa7e856'
[INFO ] 2018-08-20 16:27:31 [restartedMain] o.s.o.j.LocalContainerEntityManagerFactoryBean - Initialized JPA EntityManagerFactory for persistence unit 'default'
[WARN ] 2018-08-20 16:27:32 [restartedMain] o.s.b.a.o.j.JpaBaseConfiguration$JpaWebConfiguration$JpaWebMvcConfiguration - spring.jpa.open-in-view is enabled by default. Therefore, database queries may be performed during view rendering. Explicitly configure spring.jpa.open-in-view to disable this warning
[INFO ] 2018-08-20 16:27:33 [restartedMain] o.s.b.d.a.OptionalLiveReloadServer - LiveReload server is running on port 35729
[INFO ] 2018-08-20 16:27:33 [restartedMain] o.s.j.e.a.AnnotationMBeanExporter - Registering beans for JMX exposure on startup
[INFO ] 2018-08-20 16:27:33 [restartedMain] o.s.j.e.a.AnnotationMBeanExporter - Bean with name 'dataSource' has been autodetected for JMX exposure
[INFO ] 2018-08-20 16:27:33 [restartedMain] o.s.j.e.a.AnnotationMBeanExporter - Located MBean 'dataSource': registering with JMX server as MBean [com.alibaba.druid.pool:name=dataSource,type=DruidDataSource]
[INFO ] 2018-08-20 16:27:33 [restartedMain] o.s.b.w.e.tomcat.TomcatWebServer - Tomcat started on port(s): 8080 (http) with context path ''
[INFO ] 2018-08-20 16:27:33 [restartedMain] c.w.redflower.RedflowerApplication - Started RedflowerApplication in 8.26 seconds (JVM running for 10.413)
[INFO ] 2018-08-20 16:41:02 [restartedMain] c.w.redflower.RedflowerApplication - Starting RedflowerApplication on DESKTOP-1J911PB with PID 17344 (E:\gitwork\redflower\target\classes started by Machenike in E:\gitwork\redflower)
[DEBUG] 2018-08-20 16:41:02 [restartedMain] c.w.redflower.RedflowerApplication - Running with Spring Boot v2.0.4.RELEASE, Spring v5.0.8.RELEASE
[INFO ] 2018-08-20 16:41:02 [restartedMain] c.w.redflower.RedflowerApplication - No active profile set, falling back to default profiles: default
[INFO ] 2018-08-20 16:41:02 [restartedMain] o.s.b.w.s.c.AnnotationConfigServletWebServerApplicationContext - Refreshing org.springframework.boot.web.servlet.context.AnnotationConfigServletWebServerApplicationContext@183dc74: startup date [Mon Aug 20 16:41:02 CST 2018]; root of context hierarchy
[INFO ] 2018-08-20 16:41:06 [restartedMain] o.s.c.s.PostProcessorRegistrationDelegate$BeanPostProcessorChecker - Bean 'org.springframework.transaction.annotation.ProxyTransactionManagementConfiguration' of type [org.springframework.transaction.annotation.ProxyTransactionManagementConfiguration$$EnhancerBySpringCGLIB$$64f1cb46] is not eligible for getting processed by all BeanPostProcessors (for example: not eligible for auto-proxying)
[INFO ] 2018-08-20 16:41:07 [restartedMain] o.s.b.w.e.tomcat.TomcatWebServer - Tomcat initialized with port(s): 8080 (http)
[INFO ] 2018-08-20 16:41:07 [restartedMain] o.a.catalina.core.StandardService - Starting service [Tomcat]
[INFO ] 2018-08-20 16:41:07 [restartedMain] o.a.catalina.core.StandardEngine - Starting Servlet Engine: Apache Tomcat/8.5.32
[INFO ] 2018-08-20 16:41:07 [localhost-startStop-1] o.a.c.core.AprLifecycleListener - The APR based Apache Tomcat Native library which allows optimal performance in production environments was not found on the java.library.path: [D:\jdk\bin;C:\WINDOWS\Sun\Java\bin;C:\WINDOWS\system32;C:\WINDOWS;C:\ProgramData\Oracle\Java\javapath;C:;D:\jdk\bin;D:\jdk\jre\bin;\ProgramData\Oracle\Java\javapath;D:\jdk/bin;C:\Windows\system32;C:\Windows;C:\Windows\System32\Wbem;C:\Windows\System32\WindowsPowerShell\v1.0\;C:\Program Files\Intel\WiFi\bin\;C:\Program Files\Common Files\Intel\WirelessCommon\;C:\Program Files (x86)\NVIDIA Corporation\PhysX\Common;C:\WINDOWS\system32;C:\WINDOWS;C:\WINDOWS\System32\Wbem;C:\WINDOWS\System32\WindowsPowerShell\v1.0\;D:\python;D:\python\Scripts;E:\learnjava\apache-maven-3.5.2\bin;C:\Program Files\MySQL\MySQL Utilities 1.6\;D:\c++程序设计\Tools\WinNT;D:\python:;D:\c++程序设计\Tools;D:\VC98\bin;C:\Program Files\Intel\WiFi\bin\;C:\Program Files\Common Files\Intel\WirelessCommon\;C:\Users\Machenike\AppData\Local\Microsoft\WindowsApps;D:\Fiddler2\Fiddler;.]
[INFO ] 2018-08-20 16:41:07 [localhost-startStop-1] o.a.c.c.C.[Tomcat].[localhost].[/] - Initializing Spring embedded WebApplicationContext
[INFO ] 2018-08-20 16:41:07 [localhost-startStop-1] o.s.b.w.s.ServletRegistrationBean - Servlet dispatcherServlet mapped to [/]
[INFO ] 2018-08-20 16:41:07 [localhost-startStop-1] o.s.b.w.s.FilterRegistrationBean - Mapping filter: 'characterEncodingFilter' to: [/*]
[INFO ] 2018-08-20 16:41:07 [localhost-startStop-1] o.s.b.w.s.FilterRegistrationBean - Mapping filter: 'hiddenHttpMethodFilter' to: [/*]
[INFO ] 2018-08-20 16:41:07 [localhost-startStop-1] o.s.b.w.s.FilterRegistrationBean - Mapping filter: 'httpPutFormContentFilter' to: [/*]
[INFO ] 2018-08-20 16:41:07 [localhost-startStop-1] o.s.b.w.s.FilterRegistrationBean - Mapping filter: 'requestContextFilter' to: [/*]
[INFO ] 2018-08-20 16:41:08 [restartedMain] c.alibaba.druid.pool.DruidDataSource - {dataSource-1} inited
[INFO ] 2018-08-20 16:41:08 [restartedMain] o.s.o.j.LocalContainerEntityManagerFactoryBean - Building JPA container EntityManagerFactory for persistence unit 'default'
[INFO ] 2018-08-20 16:41:08 [restartedMain] o.h.jpa.internal.util.LogHelper - HHH000204: Processing PersistenceUnitInfo [
	name: default
	...]
[INFO ] 2018-08-20 16:41:08 [restartedMain] org.hibernate.Version - HHH000412: Hibernate Core {5.2.17.Final}
[INFO ] 2018-08-20 16:41:08 [restartedMain] org.hibernate.cfg.Environment - HHH000206: hibernate.properties not found
[INFO ] 2018-08-20 16:41:08 [restartedMain] o.h.annotations.common.Version - HCANN000001: Hibernate Commons Annotations {5.0.1.Final}
[INFO ] 2018-08-20 16:41:09 [restartedMain] org.hibernate.dialect.Dialect - HHH000400: Using dialect: org.hibernate.dialect.MySQL5Dialect
[INFO ] 2018-08-20 16:41:09 [restartedMain] o.h.t.s.internal.SchemaCreatorImpl - HHH000476: Executing import script 'ScriptSourceInputFromUrl(file:/E:/gitwork/redflower/target/classes/import.sql)'
[INFO ] 2018-08-20 16:41:09 [restartedMain] o.s.o.j.LocalContainerEntityManagerFactoryBean - Initialized JPA EntityManagerFactory for persistence unit 'default'
[WARN ] 2018-08-20 16:41:10 [restartedMain] o.s.b.a.o.j.JpaBaseConfiguration$JpaWebConfiguration$JpaWebMvcConfiguration - spring.jpa.open-in-view is enabled by default. Therefore, database queries may be performed during view rendering. Explicitly configure spring.jpa.open-in-view to disable this warning
[INFO ] 2018-08-20 16:41:11 [restartedMain] o.s.b.d.a.OptionalLiveReloadServer - LiveReload server is running on port 35729
[INFO ] 2018-08-20 16:41:11 [restartedMain] o.s.j.e.a.AnnotationMBeanExporter - Registering beans for JMX exposure on startup
[INFO ] 2018-08-20 16:41:11 [restartedMain] o.s.j.e.a.AnnotationMBeanExporter - Bean with name 'dataSource' has been autodetected for JMX exposure
[INFO ] 2018-08-20 16:41:11 [restartedMain] o.s.j.e.a.AnnotationMBeanExporter - Located MBean 'dataSource': registering with JMX server as MBean [com.alibaba.druid.pool:name=dataSource,type=DruidDataSource]
[INFO ] 2018-08-20 16:41:11 [restartedMain] o.s.b.w.e.tomcat.TomcatWebServer - Tomcat started on port(s): 8080 (http) with context path ''
[INFO ] 2018-08-20 16:41:11 [restartedMain] c.w.redflower.RedflowerApplication - Started RedflowerApplication in 9.729 seconds (JVM running for 11.537)
